*** Starting uWSGI 2.0.17 (64bit) on [Mon Mar 12 19:51:00 2018] ***
compiled with version: 4.8.5 20150623 (Red Hat 4.8.5-16) on 12 March 2018 10:53:33
os: Linux-3.10.0-514.el7.x86_64 #1 SMP Tue Nov 22 16:42:41 UTC 2016
nodename: localhost
machine: x86_64
clock source: unix
detected number of CPU cores: 1
current working directory: /root/mysite/script
writing pidfile to /root/mysite/script/uwsgi.pid
detected binary path: /usr/bin/uwsgi
!!! no internal routing support, rebuild with pcre support !!!
*** WARNING: you are running uWSGI as root !!! (use the --uid flag) *** 
chdir() to /root/mysite/mysite
your processes number limit is 7208
your memory page size is 4096 bytes
detected max file descriptor number: 1024
building mime-types dictionary from file /etc/mime.types...1060 entry found
lock engine: pthread robust mutexes
thunder lock: enabled
bind(): Cannot assign requested address [core/socket.c line 769]
*** Starting uWSGI 2.0.17 (64bit) on [Mon Mar 12 19:55:01 2018] ***
compiled with version: 4.8.5 20150623 (Red Hat 4.8.5-16) on 12 March 2018 10:53:33
os: Linux-3.10.0-514.el7.x86_64 #1 SMP Tue Nov 22 16:42:41 UTC 2016
nodename: localhost
machine: x86_64
clock source: unix
detected number of CPU cores: 1
current working directory: /root/mysite/script
writing pidfile to /root/mysite/script/uwsgi.pid
detected binary path: /usr/bin/uwsgi
!!! no internal routing support, rebuild with pcre support !!!
*** WARNING: you are running uWSGI as root !!! (use the --uid flag) *** 
chdir() to /root/mysite/mysite
your processes number limit is 7208
your memory page size is 4096 bytes
detected max file descriptor number: 1024
building mime-types dictionary from file /etc/mime.types...1060 entry found
lock engine: pthread robust mutexes
thunder lock: enabled
uWSGI http bound on 192.168.80.138:8080 fd 3
uwsgi socket 0 bound to UNIX address /root/mysite/script/uwsgi.sock fd 6
*** WARNING: you are running uWSGI as root !!! (use the --uid flag) *** 
Python version: 2.7.5 (default, Aug  4 2017, 00:39:18)  [GCC 4.8.5 20150623 (Red Hat 4.8.5-16)]
Python main interpreter initialized at 0x1ff6fe0
*** WARNING: you are running uWSGI as root !!! (use the --uid flag) *** 
python threads support enabled
your server socket listen backlog is limited to 100 connections
your mercy for graceful operations on workers is 60 seconds
mapped 486576 bytes (475 KB) for 5 cores
*** Operational MODE: preforking ***
ImportError: No module named mysite.wsgi
unable to load app 0 (mountpoint='') (callable not found or import error)
*** no app loaded. going in full dynamic mode ***
*** WARNING: you are running uWSGI as root !!! (use the --uid flag) *** 
*** uWSGI is running in multiple interpreter mode ***
spawned uWSGI master process (pid: 56326)
spawned uWSGI worker 1 (pid: 56327, cores: 1)
spawned uWSGI worker 2 (pid: 56328, cores: 1)
spawned uWSGI worker 3 (pid: 56329, cores: 1)
spawned uWSGI worker 4 (pid: 56330, cores: 1)
spawned uWSGI worker 5 (pid: 56331, cores: 1)
spawned uWSGI http 1 (pid: 56332)
--- no python application found, check your startup logs for errors ---
[pid: 56329|app: -1|req: -1/1] 192.168.80.102 () {38 vars in 662 bytes} [Mon Mar 12 19:55:07 2018] GET /hello => generated 21 bytes in 0 msecs (HTTP/1.1 500) 2 headers in 83 bytes (0 switches on core 0)
--- no python application found, check your startup logs for errors ---
[pid: 56327|app: -1|req: -1/2] 192.168.80.102 () {38 vars in 662 bytes} [Mon Mar 12 19:55:10 2018] GET /hello => generated 21 bytes in 0 msecs (HTTP/1.1 500) 2 headers in 83 bytes (0 switches on core 0)
--- no python application found, check your startup logs for errors ---
[pid: 56330|app: -1|req: -1/3] 192.168.80.102 () {38 vars in 662 bytes} [Mon Mar 12 19:57:40 2018] GET /hello => generated 21 bytes in 0 msecs (HTTP/1.1 500) 2 headers in 83 bytes (0 switches on core 0)
gateway "uWSGI http 1" has been buried (pid: 56332)
...gracefully killing workers...
Gracefully killing worker 1 (pid: 56327)...
Gracefully killing worker 2 (pid: 56328)...
Gracefully killing worker 3 (pid: 56329)...
Gracefully killing worker 4 (pid: 56330)...
Gracefully killing worker 5 (pid: 56331)...
worker 1 buried after 1 seconds
worker 2 buried after 1 seconds
worker 3 buried after 1 seconds
worker 4 buried after 1 seconds
worker 5 buried after 1 seconds
binary reloading uWSGI...
chdir() to /root/mysite/script
closing all non-uwsgi socket fds > 2 (max_fd = 1024)...
found fd 6 mapped to socket 0 (/root/mysite/script/uwsgi.sock)
running /usr/bin/uwsgi
[uWSGI] getting INI configuration from uwsgi.ini
[uwsgi-static] added mapping for /static => /root/mysite/static
*** Starting uWSGI 2.0.17 (64bit) on [Mon Mar 12 20:01:24 2018] ***
compiled with version: 4.8.5 20150623 (Red Hat 4.8.5-16) on 12 March 2018 10:53:33
os: Linux-3.10.0-514.el7.x86_64 #1 SMP Tue Nov 22 16:42:41 UTC 2016
nodename: localhost
machine: x86_64
clock source: unix
detected number of CPU cores: 1
current working directory: /root/mysite/script
detected binary path: /usr/bin/uwsgi
!!! no internal routing support, rebuild with pcre support !!!
*** WARNING: you are running uWSGI as root !!! (use the --uid flag) *** 
chdir() to /root/mysite/
your processes number limit is 7208
your memory page size is 4096 bytes
detected max file descriptor number: 1024
building mime-types dictionary from file /etc/mime.types...1060 entry found
lock engine: pthread robust mutexes
thunder lock: enabled
uWSGI http bound on 192.168.80.138:8080 fd 3
uwsgi socket 0 inherited UNIX address /root/mysite/script/uwsgi.sock fd 6
*** WARNING: you are running uWSGI as root !!! (use the --uid flag) *** 
Python version: 2.7.5 (default, Aug  4 2017, 00:39:18)  [GCC 4.8.5 20150623 (Red Hat 4.8.5-16)]
Python main interpreter initialized at 0x1157e70
*** WARNING: you are running uWSGI as root !!! (use the --uid flag) *** 
python threads support enabled
your server socket listen backlog is limited to 100 connections
your mercy for graceful operations on workers is 60 seconds
mapped 486576 bytes (475 KB) for 5 cores
*** Operational MODE: preforking ***
WSGI app 0 (mountpoint='') ready in 0 seconds on interpreter 0x1157e70 pid: 56326 (default app)
*** WARNING: you are running uWSGI as root !!! (use the --uid flag) *** 
*** uWSGI is running in multiple interpreter mode ***
gracefully (RE)spawned uWSGI master process (pid: 56326)
spawned uWSGI worker 1 (pid: 56356, cores: 1)
spawned uWSGI worker 2 (pid: 56357, cores: 1)
spawned uWSGI worker 3 (pid: 56358, cores: 1)
spawned uWSGI worker 4 (pid: 56359, cores: 1)
spawned uWSGI worker 5 (pid: 56360, cores: 1)
spawned uWSGI http 1 (pid: 56361)
[pid: 56360|app: 0|req: 1/1] 192.168.80.102 () {38 vars in 662 bytes} [Mon Mar 12 12:01:32 2018] GET /hello => generated 21 bytes in 58 msecs (HTTP/1.1 200) 3 headers in 108 bytes (1 switches on core 0)
SIGINT/SIGQUIT received...killing workers...
gateway "uWSGI http 1" has been buried (pid: 56361)
worker 1 buried after 1 seconds
worker 2 buried after 1 seconds
worker 3 buried after 1 seconds
worker 4 buried after 1 seconds
worker 5 buried after 1 seconds
goodbye to uWSGI.
VACUUM: pidfile removed.
VACUUM WARNING: unix socket /root/mysite/script/uwsgi.sock changed inode. Skip removal
*** Starting uWSGI 2.0.17 (64bit) on [Mon Mar 12 20:16:06 2018] ***
compiled with version: 4.8.5 20150623 (Red Hat 4.8.5-16) on 12 March 2018 10:53:33
os: Linux-3.10.0-514.el7.x86_64 #1 SMP Tue Nov 22 16:42:41 UTC 2016
nodename: localhost
machine: x86_64
clock source: unix
detected number of CPU cores: 1
current working directory: /root/mysite/script
writing pidfile to /root/mysite/script/uwsgi.pid
detected binary path: /usr/bin/uwsgi
!!! no internal routing support, rebuild with pcre support !!!
*** WARNING: you are running uWSGI as root !!! (use the --uid flag) *** 
chdir() to /root/mysite/
your processes number limit is 7208
your memory page size is 4096 bytes
detected max file descriptor number: 1024
building mime-types dictionary from file /etc/mime.types...1060 entry found
lock engine: pthread robust mutexes
thunder lock: enabled
uWSGI http bound on 192.168.80.138:8080 fd 3
uwsgi socket 0 bound to UNIX address /root/mysite/script/uwsgi.sock fd 6
*** WARNING: you are running uWSGI as root !!! (use the --uid flag) *** 
Python version: 2.7.5 (default, Aug  4 2017, 00:39:18)  [GCC 4.8.5 20150623 (Red Hat 4.8.5-16)]
Python main interpreter initialized at 0x16c3000
*** WARNING: you are running uWSGI as root !!! (use the --uid flag) *** 
python threads support enabled
your server socket listen backlog is limited to 100 connections
your mercy for graceful operations on workers is 60 seconds
mapped 486576 bytes (475 KB) for 5 cores
*** Operational MODE: preforking ***
WSGI app 0 (mountpoint='') ready in 1 seconds on interpreter 0x16c3000 pid: 56532 (default app)
*** WARNING: you are running uWSGI as root !!! (use the --uid flag) *** 
*** uWSGI is running in multiple interpreter mode ***
spawned uWSGI master process (pid: 56532)
spawned uWSGI worker 1 (pid: 56537, cores: 1)
spawned uWSGI worker 2 (pid: 56538, cores: 1)
spawned uWSGI worker 3 (pid: 56539, cores: 1)
spawned uWSGI worker 4 (pid: 56540, cores: 1)
spawned uWSGI worker 5 (pid: 56541, cores: 1)
spawned uWSGI http 1 (pid: 56542)
[pid: 56538|app: 0|req: 1/1] 192.168.80.102 () {38 vars in 660 bytes} [Mon Mar 12 12:16:17 2018] GET /hello => generated 21 bytes in 26 msecs (HTTP/1.1 200) 3 headers in 108 bytes (1 switches on core 0)
[pid: 56539|app: 0|req: 1/2] 192.168.80.102 () {38 vars in 660 bytes} [Mon Mar 12 12:16:19 2018] GET /hello => generated 21 bytes in 24 msecs (HTTP/1.1 200) 3 headers in 108 bytes (1 switches on core 0)
[pid: 56540|app: 0|req: 1/3] 192.168.80.102 () {38 vars in 661 bytes} [Mon Mar 12 12:19:11 2018] GET /hello => generated 21 bytes in 26 msecs (HTTP/1.1 200) 3 headers in 108 bytes (1 switches on core 0)
[pid: 56541|app: 0|req: 1/4] 192.168.80.102 () {38 vars in 661 bytes} [Mon Mar 12 12:19:13 2018] GET /hello => generated 21 bytes in 26 msecs (HTTP/1.1 200) 3 headers in 108 bytes (1 switches on core 0)
[pid: 56537|app: 0|req: 1/5] 192.168.80.102 () {36 vars in 630 bytes} [Mon Mar 12 12:19:17 2018] GET /admin => generated 0 bytes in 10 msecs (HTTP/1.1 301) 3 headers in 112 bytes (1 switches on core 0)
[pid: 56538|app: 0|req: 2/6] 192.168.80.102 () {36 vars in 632 bytes} [Mon Mar 12 12:19:17 2018] GET /admin/ => generated 0 bytes in 29 msecs (HTTP/1.1 302) 7 headers in 265 bytes (1 switches on core 0)
[pid: 56539|app: 0|req: 2/7] 192.168.80.102 () {36 vars in 669 bytes} [Mon Mar 12 12:19:17 2018] GET /admin/login/?next=/admin/ => generated 1650 bytes in 56 msecs (HTTP/1.1 200) 7 headers in 381 bytes (1 switches on core 0)
Not Found: /static/admin/css/login.css
[pid: 56541|app: 0|req: 2/8] 192.168.80.102 () {38 vars in 727 bytes} [Mon Mar 12 12:19:17 2018] GET /static/admin/css/login.css => generated 2555 bytes in 15 msecs (HTTP/1.1 404) 3 headers in 102 bytes (1 switches on core 0)
Not Found: /static/admin/css/base.css
[pid: 56540|app: 0|req: 2/9] 192.168.80.102 () {38 vars in 725 bytes} [Mon Mar 12 12:19:17 2018] GET /static/admin/css/base.css => generated 2552 bytes in 33 msecs (HTTP/1.1 404) 3 headers in 102 bytes (1 switches on core 0)
[pid: 56537|app: 0|req: 2/10] 192.168.80.102 () {40 vars in 790 bytes} [Mon Mar 12 12:23:54 2018] GET /admin/login/?next=/admin/ => generated 1650 bytes in 72 msecs (HTTP/1.1 200) 7 headers in 381 bytes (1 switches on core 0)
Not Found: /static/admin/css/login.css
[pid: 56539|app: 0|req: 3/11] 192.168.80.102 () {38 vars in 728 bytes} [Mon Mar 12 12:23:54 2018] GET /static/admin/css/login.css => generated 2555 bytes in 6 msecs (HTTP/1.1 404) 3 headers in 102 bytes (1 switches on core 0)
Not Found: /static/admin/css/base.css
[pid: 56538|app: 0|req: 3/12] 192.168.80.102 () {38 vars in 726 bytes} [Mon Mar 12 12:23:54 2018] GET /static/admin/css/base.css => generated 2552 bytes in 21 msecs (HTTP/1.1 404) 3 headers in 102 bytes (1 switches on core 0)
[pid: 56541|app: 0|req: 3/13] 192.168.80.102 () {40 vars in 790 bytes} [Mon Mar 12 12:23:55 2018] GET /admin/login/?next=/admin/ => generated 1650 bytes in 55 msecs (HTTP/1.1 200) 7 headers in 381 bytes (1 switches on core 0)
Not Found: /static/admin/css/login.css
[pid: 56537|app: 0|req: 3/14] 192.168.80.102 () {38 vars in 728 bytes} [Mon Mar 12 12:23:56 2018] GET /static/admin/css/login.css => generated 2555 bytes in 4 msecs (HTTP/1.1 404) 3 headers in 102 bytes (1 switches on core 0)
Not Found: /static/admin/css/base.css
[pid: 56540|app: 0|req: 3/15] 192.168.80.102 () {38 vars in 726 bytes} [Mon Mar 12 12:23:56 2018] GET /static/admin/css/base.css => generated 2552 bytes in 18 msecs (HTTP/1.1 404) 3 headers in 102 bytes (1 switches on core 0)
[pid: 56539|app: 0|req: 4/16] 192.168.80.102 () {40 vars in 790 bytes} [Mon Mar 12 12:23:56 2018] GET /admin/login/?next=/admin/ => generated 1650 bytes in 24 msecs (HTTP/1.1 200) 7 headers in 381 bytes (1 switches on core 0)
Not Found: /static/admin/css/base.css
Not Found: /static/admin/css/login.css
[pid: 56541|app: 0|req: 4/17] 192.168.80.102 () {38 vars in 728 bytes} [Mon Mar 12 12:23:56 2018] GET /static/admin/css/login.css => generated 2555 bytes in 5 msecs (HTTP/1.1 404) 3 headers in 102 bytes (1 switches on core 0)
[pid: 56538|app: 0|req: 4/18] 192.168.80.102 () {38 vars in 726 bytes} [Mon Mar 12 12:23:56 2018] GET /static/admin/css/base.css => generated 2552 bytes in 17 msecs (HTTP/1.1 404) 3 headers in 102 bytes (1 switches on core 0)
[pid: 56537|app: 0|req: 4/19] 192.168.80.102 () {48 vars in 970 bytes} [Mon Mar 12 12:24:06 2018] POST /admin/login/?next=/admin/ => generated 0 bytes in 79 msecs (HTTP/1.1 302) 9 headers in 531 bytes (1 switches on core 0)
[pid: 56540|app: 0|req: 4/20] 192.168.80.102 () {42 vars in 865 bytes} [Mon Mar 12 12:24:06 2018] GET /admin/ => generated 3730 bytes in 58 msecs (HTTP/1.1 200) 6 headers in 227 bytes (1 switches on core 0)
Not Found: /static/admin/css/base.css
[pid: 56539|app: 0|req: 5/21] 192.168.80.102 () {38 vars in 751 bytes} [Mon Mar 12 12:24:06 2018] GET /static/admin/css/base.css => generated 2552 bytes in 9 msecs (HTTP/1.1 404) 3 headers in 102 bytes (1 switches on core 0)
Not Found: /static/admin/css/dashboard.css
[pid: 56541|app: 0|req: 5/22] 192.168.80.102 () {38 vars in 761 bytes} [Mon Mar 12 12:24:06 2018] GET /static/admin/css/dashboard.css => generated 2567 bytes in 3 msecs (HTTP/1.1 404) 3 headers in 102 bytes (1 switches on core 0)
[pid: 56538|app: 0|req: 5/23] 192.168.80.102 () {42 vars in 865 bytes} [Mon Mar 12 12:24:13 2018] GET /admin/ => generated 3730 bytes in 46 msecs (HTTP/1.1 200) 6 headers in 227 bytes (1 switches on core 0)
Not Found: /static/admin/css/dashboard.css
[pid: 56540|app: 0|req: 5/24] 192.168.80.102 () {38 vars in 761 bytes} [Mon Mar 12 12:24:13 2018] GET /static/admin/css/dashboard.css => generated 2567 bytes in 11 msecs (HTTP/1.1 404) 3 headers in 102 bytes (1 switches on core 0)
Not Found: /static/admin/css/base.css
[pid: 56537|app: 0|req: 5/25] 192.168.80.102 () {38 vars in 751 bytes} [Mon Mar 12 12:24:13 2018] GET /static/admin/css/base.css => generated 2552 bytes in 29 msecs (HTTP/1.1 404) 3 headers in 102 bytes (1 switches on core 0)
SIGINT/SIGQUIT received...killing workers...
gateway "uWSGI http 1" has been buried (pid: 56542)
worker 1 buried after 1 seconds
worker 2 buried after 1 seconds
worker 3 buried after 1 seconds
worker 4 buried after 1 seconds
worker 5 buried after 1 seconds
goodbye to uWSGI.
VACUUM: pidfile removed.
VACUUM: unix socket /root/mysite/script/uwsgi.sock removed.
*** Starting uWSGI 2.0.17 (64bit) on [Mon Mar 12 20:37:12 2018] ***
compiled with version: 4.8.5 20150623 (Red Hat 4.8.5-16) on 12 March 2018 10:53:33
os: Linux-3.10.0-514.el7.x86_64 #1 SMP Tue Nov 22 16:42:41 UTC 2016
nodename: localhost
machine: x86_64
clock source: unix
detected number of CPU cores: 1
current working directory: /root/mysite
writing pidfile to /root/mysite/script/uwsgi.pid
detected binary path: /usr/bin/uwsgi
!!! no internal routing support, rebuild with pcre support !!!
*** WARNING: you are running uWSGI as root !!! (use the --uid flag) *** 
chdir() to /root/mysite/
your processes number limit is 7208
your memory page size is 4096 bytes
detected max file descriptor number: 1024
building mime-types dictionary from file /etc/mime.types...1060 entry found
lock engine: pthread robust mutexes
thunder lock: enabled
uWSGI http bound on 192.168.80.138:8080 fd 3
uwsgi socket 0 bound to UNIX address /root/mysite/script/uwsgi.sock fd 6
*** WARNING: you are running uWSGI as root !!! (use the --uid flag) *** 
Python version: 2.7.5 (default, Aug  4 2017, 00:39:18)  [GCC 4.8.5 20150623 (Red Hat 4.8.5-16)]
Python main interpreter initialized at 0x2419010
*** WARNING: you are running uWSGI as root !!! (use the --uid flag) *** 
python threads support enabled
your server socket listen backlog is limited to 100 connections
your mercy for graceful operations on workers is 60 seconds
mapped 486576 bytes (475 KB) for 5 cores
*** Operational MODE: preforking ***
WSGI app 0 (mountpoint='') ready in 1 seconds on interpreter 0x2419010 pid: 56705 (default app)
*** WARNING: you are running uWSGI as root !!! (use the --uid flag) *** 
*** uWSGI is running in multiple interpreter mode ***
spawned uWSGI master process (pid: 56705)
spawned uWSGI worker 1 (pid: 56710, cores: 1)
spawned uWSGI worker 2 (pid: 56711, cores: 1)
spawned uWSGI worker 3 (pid: 56712, cores: 1)
spawned uWSGI worker 4 (pid: 56713, cores: 1)
spawned uWSGI worker 5 (pid: 56714, cores: 1)
spawned uWSGI http 1 (pid: 56715)
[pid: 56711|app: 0|req: 1/1] 192.168.80.102 () {40 vars in 797 bytes} [Mon Mar 12 12:37:28 2018] GET /admin/ => generated 3730 bytes in 81 msecs (HTTP/1.1 200) 6 headers in 227 bytes (1 switches on core 0)
[pid: 56712|app: -1|req: -1/2] 192.168.80.102 () {38 vars in 751 bytes} [Mon Mar 12 12:37:28 2018] GET /static/admin/css/base.css => generated 16066 bytes in 1 msecs via sendfile() (HTTP/1.1 200) 3 headers in 112 bytes (0 switches on core 0)
[pid: 56713|app: -1|req: -1/3] 192.168.80.102 () {38 vars in 761 bytes} [Mon Mar 12 12:37:28 2018] GET /static/admin/css/dashboard.css => generated 412 bytes in 1 msecs via sendfile() (HTTP/1.1 200) 3 headers in 110 bytes (0 switches on core 0)
[pid: 56714|app: -1|req: -1/4] 192.168.80.102 () {38 vars in 753 bytes} [Mon Mar 12 12:37:28 2018] GET /static/admin/css/fonts.css => generated 423 bytes in 0 msecs via sendfile() (HTTP/1.1 200) 3 headers in 110 bytes (0 switches on core 0)
[pid: 56710|app: -1|req: -1/5] 192.168.80.102 () {40 vars in 835 bytes} [Mon Mar 12 12:37:28 2018] GET /static/admin/fonts/Roboto-Light-webfont.woff => generated 81348 bytes in 0 msecs via sendfile() (HTTP/1.1 200) 3 headers in 125 bytes (0 switches on core 0)
[pid: 56711|app: -1|req: -1/6] 192.168.80.102 () {40 vars in 833 bytes} [Mon Mar 12 12:37:28 2018] GET /static/admin/fonts/Roboto-Bold-webfont.woff => generated 82564 bytes in 0 msecs via sendfile() (HTTP/1.1 200) 3 headers in 125 bytes (0 switches on core 0)
[pid: 56712|app: -1|req: -1/7] 192.168.80.102 () {40 vars in 837 bytes} [Mon Mar 12 12:37:28 2018] GET /static/admin/fonts/Roboto-Regular-webfont.woff => generated 80304 bytes in 0 msecs via sendfile() (HTTP/1.1 200) 3 headers in 125 bytes (0 switches on core 0)
[pid: 56713|app: -1|req: -1/8] 192.168.80.102 () {38 vars in 805 bytes} [Mon Mar 12 12:37:28 2018] GET /static/admin/img/icon-addlink.svg => generated 331 bytes in 0 msecs via sendfile() (HTTP/1.1 200) 3 headers in 115 bytes (0 switches on core 0)
[pid: 56714|app: -1|req: -1/9] 192.168.80.102 () {38 vars in 811 bytes} [Mon Mar 12 12:37:28 2018] GET /static/admin/img/icon-changelink.svg => generated 380 bytes in 0 msecs via sendfile() (HTTP/1.1 200) 3 headers in 115 bytes (0 switches on core 0)
[pid: 56710|app: 0|req: 1/10] 192.168.80.102 () {40 vars in 837 bytes} [Mon Mar 12 12:37:31 2018] GET /admin/myApp1/test/ => generated 4151 bytes in 114 msecs (HTTP/1.1 200) 7 headers in 381 bytes (1 switches on core 0)
[pid: 56711|app: -1|req: -1/11] 192.168.80.102 () {40 vars in 817 bytes} [Mon Mar 12 12:37:31 2018] GET /static/admin/css/base.css => generated 0 bytes in 1 msecs (HTTP/1.1 304) 0 headers in 29 bytes (0 switches on core 0)
[pid: 56712|app: -1|req: -1/12] 192.168.80.102 () {38 vars in 776 bytes} [Mon Mar 12 12:37:31 2018] GET /static/admin/css/changelists.css => generated 6170 bytes in 0 msecs via sendfile() (HTTP/1.1 200) 3 headers in 111 bytes (0 switches on core 0)
[pid: 56714|app: -1|req: -1/13] 192.168.80.102 () {38 vars in 743 bytes} [Mon Mar 12 12:37:31 2018] GET /static/admin/js/core.js => generated 7976 bytes in 0 msecs via sendfile() (HTTP/1.1 200) 3 headers in 125 bytes (0 switches on core 0)
[pid: 56710|app: -1|req: -1/14] 192.168.80.102 () {38 vars in 775 bytes} [Mon Mar 12 12:37:31 2018] GET /static/admin/js/vendor/jquery/jquery.js => generated 258648 bytes in 0 msecs via sendfile() (HTTP/1.1 200) 3 headers in 127 bytes (0 switches on core 0)
[pid: 56711|app: -1|req: -1/15] 192.168.80.102 () {38 vars in 757 bytes} [Mon Mar 12 12:37:31 2018] GET /static/admin/js/jquery.init.js => generated 363 bytes in 0 msecs via sendfile() (HTTP/1.1 200) 3 headers in 124 bytes (0 switches on core 0)
[pid: 56712|app: -1|req: -1/16] 192.168.80.102 () {38 vars in 749 bytes} [Mon Mar 12 12:37:31 2018] GET /static/admin/js/actions.js => generated 6501 bytes in 0 msecs via sendfile() (HTTP/1.1 200) 3 headers in 125 bytes (0 switches on core 0)
[pid: 56714|app: -1|req: -1/17] 192.168.80.102 () {38 vars in 747 bytes} [Mon Mar 12 12:37:31 2018] GET /static/admin/js/urlify.js => generated 8186 bytes in 0 msecs via sendfile() (HTTP/1.1 200) 3 headers in 125 bytes (0 switches on core 0)
[pid: 56710|app: -1|req: -1/18] 192.168.80.102 () {40 vars in 819 bytes} [Mon Mar 12 12:37:31 2018] GET /static/admin/css/fonts.css => generated 0 bytes in 0 msecs (HTTP/1.1 304) 0 headers in 29 bytes (0 switches on core 0)
[pid: 56711|app: -1|req: -1/19] 192.168.80.102 () {38 vars in 779 bytes} [Mon Mar 12 12:37:31 2018] GET /static/admin/js/vendor/xregexp/xregexp.js => generated 128820 bytes in 0 msecs via sendfile() (HTTP/1.1 200) 3 headers in 127 bytes (0 switches on core 0)
[pid: 56712|app: -1|req: -1/20] 192.168.80.102 () {38 vars in 787 bytes} [Mon Mar 12 12:37:31 2018] GET /static/admin/js/admin/RelatedObjectLookups.js => generated 6591 bytes in 0 msecs via sendfile() (HTTP/1.1 200) 3 headers in 125 bytes (0 switches on core 0)
[pid: 56714|app: -1|req: -1/21] 192.168.80.102 () {38 vars in 757 bytes} [Mon Mar 12 12:37:31 2018] GET /static/admin/js/prepopulate.js => generated 1538 bytes in 0 msecs via sendfile() (HTTP/1.1 200) 3 headers in 125 bytes (0 switches on core 0)
[pid: 56713|app: 0|req: 1/22] 192.168.80.102 () {38 vars in 723 bytes} [Mon Mar 12 12:37:31 2018] GET /admin/jsi18n/ => generated 3217 bytes in 77 msecs (HTTP/1.1 200) 4 headers in 115 bytes (1 switches on core 0)
[pid: 56710|app: -1|req: -1/23] 192.168.80.102 () {42 vars in 889 bytes} [Mon Mar 12 12:37:31 2018] GET /static/admin/fonts/Roboto-Light-webfont.woff => generated 0 bytes in 0 msecs (HTTP/1.1 304) 0 headers in 29 bytes (0 switches on core 0)
[pid: 56711|app: -1|req: -1/24] 192.168.80.102 () {42 vars in 887 bytes} [Mon Mar 12 12:37:31 2018] GET /static/admin/fonts/Roboto-Bold-webfont.woff => generated 0 bytes in 0 msecs (HTTP/1.1 304) 0 headers in 29 bytes (0 switches on core 0)
[pid: 56712|app: -1|req: -1/25] 192.168.80.102 () {42 vars in 893 bytes} [Mon Mar 12 12:37:31 2018] GET /static/admin/fonts/Roboto-Regular-webfont.woff => generated 0 bytes in 0 msecs (HTTP/1.1 304) 0 headers in 29 bytes (0 switches on core 0)
[pid: 56714|app: -1|req: -1/26] 192.168.80.102 () {38 vars in 804 bytes} [Mon Mar 12 12:37:31 2018] GET /static/admin/img/tooltag-add.svg => generated 331 bytes in 0 msecs via sendfile() (HTTP/1.1 200) 3 headers in 115 bytes (0 switches on core 0)
Internal Server Error: /admin/myApp1/test/1/change/
Traceback (most recent call last):
  File "/usr/lib64/python2.7/site-packages/django/core/handlers/exception.py", line 41, in inner
    response = get_response(request)
  File "/usr/lib64/python2.7/site-packages/django/core/handlers/base.py", line 217, in _get_response
    response = self.process_exception_by_middleware(e, request)
  File "/usr/lib64/python2.7/site-packages/django/core/handlers/base.py", line 215, in _get_response
    response = response.render()
  File "/usr/lib64/python2.7/site-packages/django/template/response.py", line 107, in render
    self.content = self.rendered_content
  File "/usr/lib64/python2.7/site-packages/django/template/response.py", line 84, in rendered_content
    content = template.render(context, self._request)
  File "/usr/lib64/python2.7/site-packages/django/template/backends/django.py", line 66, in render
    return self.template.render(context)
  File "/usr/lib64/python2.7/site-packages/django/template/base.py", line 207, in render
    return self._render(context)
  File "/usr/lib64/python2.7/site-packages/django/template/base.py", line 199, in _render
    return self.nodelist.render(context)
  File "/usr/lib64/python2.7/site-packages/django/template/base.py", line 990, in render
    bit = node.render_annotated(context)
  File "/usr/lib64/python2.7/site-packages/django/template/base.py", line 957, in render_annotated
    return self.render(context)
  File "/usr/lib64/python2.7/site-packages/django/template/loader_tags.py", line 177, in render
    return compiled_parent._render(context)
  File "/usr/lib64/python2.7/site-packages/django/template/base.py", line 199, in _render
    return self.nodelist.render(context)
  File "/usr/lib64/python2.7/site-packages/django/template/base.py", line 990, in render
    bit = node.render_annotated(context)
  File "/usr/lib64/python2.7/site-packages/django/template/base.py", line 957, in render_annotated
    return self.render(context)
  File "/usr/lib64/python2.7/site-packages/django/template/loader_tags.py", line 177, in render
    return compiled_parent._render(context)
  File "/usr/lib64/python2.7/site-packages/django/template/base.py", line 199, in _render
    return self.nodelist.render(context)
  File "/usr/lib64/python2.7/site-packages/django/template/base.py", line 990, in render
    bit = node.render_annotated(context)
  File "/usr/lib64/python2.7/site-packages/django/template/base.py", line 957, in render_annotated
    return self.render(context)
  File "/usr/lib64/python2.7/site-packages/django/template/defaulttags.py", line 322, in render
    return nodelist.render(context)
  File "/usr/lib64/python2.7/site-packages/django/template/base.py", line 990, in render
    bit = node.render_annotated(context)
  File "/usr/lib64/python2.7/site-packages/django/template/base.py", line 957, in render_annotated
    return self.render(context)
  File "/usr/lib64/python2.7/site-packages/django/template/loader_tags.py", line 72, in render
    result = block.nodelist.render(context)
  File "/usr/lib64/python2.7/site-packages/django/template/base.py", line 990, in render
    bit = node.render_annotated(context)
  File "/usr/lib64/python2.7/site-packages/django/template/base.py", line 957, in render_annotated
    return self.render(context)
  File "/usr/lib64/python2.7/site-packages/django/template/defaulttags.py", line 322, in render
    return nodelist.render(context)
  File "/usr/lib64/python2.7/site-packages/django/template/base.py", line 990, in render
    bit = node.render_annotated(context)
  File "/usr/lib64/python2.7/site-packages/django/template/base.py", line 957, in render_annotated
    return self.render(context)
  File "/usr/lib64/python2.7/site-packages/django/template/base.py", line 1040, in render
    output = self.filter_expression.resolve(context)
  File "/usr/lib64/python2.7/site-packages/django/template/base.py", line 736, in resolve
    new_obj = func(obj, *arg_vals)
  File "/usr/lib64/python2.7/site-packages/django/template/defaultfilters.py", line 47, in _dec
    args[0] = force_text(args[0])
  File "/usr/lib64/python2.7/site-packages/django/utils/encoding.py", line 80, in force_text
    s = six.text_type(bytes(s), encoding, errors)
UnicodeEncodeError: 'ascii' codec can't encode characters in position 0-1: ordinal not in range(128)
[pid: 56713|app: 0|req: 2/27] 192.168.80.102 () {40 vars in 868 bytes} [Mon Mar 12 12:37:34 2018] GET /admin/myApp1/test/1/change/ => generated 247720 bytes in 257 msecs (HTTP/1.1 500) 4 headers in 130 bytes (1 switches on core 0)
[pid: 56710|app: 0|req: 2/28] 192.168.80.102 () {40 vars in 838 bytes} [Mon Mar 12 12:37:53 2018] GET /admin/myApp1/test/ => generated 4151 bytes in 61 msecs (HTTP/1.1 200) 7 headers in 381 bytes (1 switches on core 0)
Internal Server Error: /admin/myApp1/test/1/change/
Traceback (most recent call last):
  File "/usr/lib64/python2.7/site-packages/django/core/handlers/exception.py", line 41, in inner
    response = get_response(request)
  File "/usr/lib64/python2.7/site-packages/django/core/handlers/base.py", line 217, in _get_response
    response = self.process_exception_by_middleware(e, request)
  File "/usr/lib64/python2.7/site-packages/django/core/handlers/base.py", line 215, in _get_response
    response = response.render()
  File "/usr/lib64/python2.7/site-packages/django/template/response.py", line 107, in render
    self.content = self.rendered_content
  File "/usr/lib64/python2.7/site-packages/django/template/response.py", line 84, in rendered_content
    content = template.render(context, self._request)
  File "/usr/lib64/python2.7/site-packages/django/template/backends/django.py", line 66, in render
    return self.template.render(context)
  File "/usr/lib64/python2.7/site-packages/django/template/base.py", line 207, in render
    return self._render(context)
  File "/usr/lib64/python2.7/site-packages/django/template/base.py", line 199, in _render
    return self.nodelist.render(context)
  File "/usr/lib64/python2.7/site-packages/django/template/base.py", line 990, in render
    bit = node.render_annotated(context)
  File "/usr/lib64/python2.7/site-packages/django/template/base.py", line 957, in render_annotated
    return self.render(context)
  File "/usr/lib64/python2.7/site-packages/django/template/loader_tags.py", line 177, in render
    return compiled_parent._render(context)
  File "/usr/lib64/python2.7/site-packages/django/template/base.py", line 199, in _render
    return self.nodelist.render(context)
  File "/usr/lib64/python2.7/site-packages/django/template/base.py", line 990, in render
    bit = node.render_annotated(context)
  File "/usr/lib64/python2.7/site-packages/django/template/base.py", line 957, in render_annotated
    return self.render(context)
  File "/usr/lib64/python2.7/site-packages/django/template/loader_tags.py", line 177, in render
    return compiled_parent._render(context)
  File "/usr/lib64/python2.7/site-packages/django/template/base.py", line 199, in _render
    return self.nodelist.render(context)
  File "/usr/lib64/python2.7/site-packages/django/template/base.py", line 990, in render
    bit = node.render_annotated(context)
  File "/usr/lib64/python2.7/site-packages/django/template/base.py", line 957, in render_annotated
    return self.render(context)
  File "/usr/lib64/python2.7/site-packages/django/template/defaulttags.py", line 322, in render
    return nodelist.render(context)
  File "/usr/lib64/python2.7/site-packages/django/template/base.py", line 990, in render
    bit = node.render_annotated(context)
  File "/usr/lib64/python2.7/site-packages/django/template/base.py", line 957, in render_annotated
    return self.render(context)
  File "/usr/lib64/python2.7/site-packages/django/template/loader_tags.py", line 72, in render
    result = block.nodelist.render(context)
  File "/usr/lib64/python2.7/site-packages/django/template/base.py", line 990, in render
    bit = node.render_annotated(context)
  File "/usr/lib64/python2.7/site-packages/django/template/base.py", line 957, in render_annotated
    return self.render(context)
  File "/usr/lib64/python2.7/site-packages/django/template/defaulttags.py", line 322, in render
    return nodelist.render(context)
  File "/usr/lib64/python2.7/site-packages/django/template/base.py", line 990, in render
    bit = node.render_annotated(context)
  File "/usr/lib64/python2.7/site-packages/django/template/base.py", line 957, in render_annotated
    return self.render(context)
  File "/usr/lib64/python2.7/site-packages/django/template/base.py", line 1040, in render
    output = self.filter_expression.resolve(context)
  File "/usr/lib64/python2.7/site-packages/django/template/base.py", line 736, in resolve
    new_obj = func(obj, *arg_vals)
  File "/usr/lib64/python2.7/site-packages/django/template/defaultfilters.py", line 47, in _dec
    args[0] = force_text(args[0])
  File "/usr/lib64/python2.7/site-packages/django/utils/encoding.py", line 80, in force_text
    s = six.text_type(bytes(s), encoding, errors)
UnicodeEncodeError: 'ascii' codec can't encode characters in position 0-1: ordinal not in range(128)
[pid: 56711|app: 0|req: 2/29] 192.168.80.102 () {40 vars in 869 bytes} [Mon Mar 12 12:47:53 2018] GET /admin/myApp1/test/1/change/ => generated 247721 bytes in 239 msecs (HTTP/1.1 500) 4 headers in 130 bytes (2 switches on core 0)
[pid: 56712|app: 0|req: 1/30] 192.168.80.102 () {40 vars in 839 bytes} [Mon Mar 12 12:47:57 2018] GET /admin/myApp1/test/ => generated 4151 bytes in 135 msecs (HTTP/1.1 200) 7 headers in 381 bytes (1 switches on core 0)
Internal Server Error: /admin/myApp1/test/1/change/
Traceback (most recent call last):
  File "/usr/lib64/python2.7/site-packages/django/core/handlers/exception.py", line 41, in inner
    response = get_response(request)
  File "/usr/lib64/python2.7/site-packages/django/core/handlers/base.py", line 217, in _get_response
    response = self.process_exception_by_middleware(e, request)
  File "/usr/lib64/python2.7/site-packages/django/core/handlers/base.py", line 215, in _get_response
    response = response.render()
  File "/usr/lib64/python2.7/site-packages/django/template/response.py", line 107, in render
    self.content = self.rendered_content
  File "/usr/lib64/python2.7/site-packages/django/template/response.py", line 84, in rendered_content
    content = template.render(context, self._request)
  File "/usr/lib64/python2.7/site-packages/django/template/backends/django.py", line 66, in render
    return self.template.render(context)
  File "/usr/lib64/python2.7/site-packages/django/template/base.py", line 207, in render
    return self._render(context)
  File "/usr/lib64/python2.7/site-packages/django/template/base.py", line 199, in _render
    return self.nodelist.render(context)
  File "/usr/lib64/python2.7/site-packages/django/template/base.py", line 990, in render
    bit = node.render_annotated(context)
  File "/usr/lib64/python2.7/site-packages/django/template/base.py", line 957, in render_annotated
    return self.render(context)
  File "/usr/lib64/python2.7/site-packages/django/template/loader_tags.py", line 177, in render
    return compiled_parent._render(context)
  File "/usr/lib64/python2.7/site-packages/django/template/base.py", line 199, in _render
    return self.nodelist.render(context)
  File "/usr/lib64/python2.7/site-packages/django/template/base.py", line 990, in render
    bit = node.render_annotated(context)
  File "/usr/lib64/python2.7/site-packages/django/template/base.py", line 957, in render_annotated
    return self.render(context)
  File "/usr/lib64/python2.7/site-packages/django/template/loader_tags.py", line 177, in render
    return compiled_parent._render(context)
  File "/usr/lib64/python2.7/site-packages/django/template/base.py", line 199, in _render
    return self.nodelist.render(context)
  File "/usr/lib64/python2.7/site-packages/django/template/base.py", line 990, in render
    bit = node.render_annotated(context)
  File "/usr/lib64/python2.7/site-packages/django/template/base.py", line 957, in render_annotated
    return self.render(context)
  File "/usr/lib64/python2.7/site-packages/django/template/defaulttags.py", line 322, in render
    return nodelist.render(context)
  File "/usr/lib64/python2.7/site-packages/django/template/base.py", line 990, in render
    bit = node.render_annotated(context)
  File "/usr/lib64/python2.7/site-packages/django/template/base.py", line 957, in render_annotated
    return self.render(context)
  File "/usr/lib64/python2.7/site-packages/django/template/loader_tags.py", line 72, in render
    result = block.nodelist.render(context)
  File "/usr/lib64/python2.7/site-packages/django/template/base.py", line 990, in render
    bit = node.render_annotated(context)
  File "/usr/lib64/python2.7/site-packages/django/template/base.py", line 957, in render_annotated
    return self.render(context)
  File "/usr/lib64/python2.7/site-packages/django/template/defaulttags.py", line 322, in render
    return nodelist.render(context)
  File "/usr/lib64/python2.7/site-packages/django/template/base.py", line 990, in render
    bit = node.render_annotated(context)
  File "/usr/lib64/python2.7/site-packages/django/template/base.py", line 957, in render_annotated
    return self.render(context)
  File "/usr/lib64/python2.7/site-packages/django/template/base.py", line 1040, in render
    output = self.filter_expression.resolve(context)
  File "/usr/lib64/python2.7/site-packages/django/template/base.py", line 736, in resolve
    new_obj = func(obj, *arg_vals)
  File "/usr/lib64/python2.7/site-packages/django/template/defaultfilters.py", line 47, in _dec
    args[0] = force_text(args[0])
  File "/usr/lib64/python2.7/site-packages/django/utils/encoding.py", line 80, in force_text
    s = six.text_type(bytes(s), encoding, errors)
UnicodeEncodeError: 'ascii' codec can't encode characters in position 0-1: ordinal not in range(128)
[pid: 56714|app: 0|req: 1/31] 192.168.80.102 () {40 vars in 869 bytes} [Mon Mar 12 16:13:11 2018] GET /admin/myApp1/test/1/change/ => generated 247721 bytes in 1510 msecs (HTTP/1.1 500) 4 headers in 130 bytes (1 switches on core 0)
[pid: 56713|app: 0|req: 3/32] 192.168.80.102 () {40 vars in 839 bytes} [Mon Mar 12 16:13:15 2018] GET /admin/myApp1/test/ => generated 4151 bytes in 386 msecs (HTTP/1.1 200) 7 headers in 381 bytes (1 switches on core 0)
[pid: 56710|app: 0|req: 3/33] 192.168.80.102 () {40 vars in 841 bytes} [Mon Mar 12 16:13:17 2018] GET /admin/myApp1/ => generated 2200 bytes in 307 msecs (HTTP/1.1 200) 6 headers in 227 bytes (1 switches on core 0)
[pid: 56712|app: -1|req: -1/34] 192.168.80.102 () {40 vars in 823 bytes} [Mon Mar 12 16:13:18 2018] GET /static/admin/css/dashboard.css => generated 0 bytes in 82 msecs (HTTP/1.1 304) 0 headers in 29 bytes (0 switches on core 0)
[pid: 56711|app: -1|req: -1/35] 192.168.80.102 () {40 vars in 813 bytes} [Mon Mar 12 16:13:18 2018] GET /static/admin/css/base.css => generated 0 bytes in 107 msecs (HTTP/1.1 304) 0 headers in 29 bytes (0 switches on core 0)
[pid: 56714|app: -1|req: -1/36] 192.168.80.102 () {40 vars in 815 bytes} [Mon Mar 12 16:13:18 2018] GET /static/admin/css/fonts.css => generated 0 bytes in 0 msecs (HTTP/1.1 304) 0 headers in 29 bytes (0 switches on core 0)
[pid: 56713|app: -1|req: -1/37] 192.168.80.102 () {42 vars in 890 bytes} [Mon Mar 12 16:13:18 2018] GET /static/admin/fonts/Roboto-Light-webfont.woff => generated 0 bytes in 0 msecs (HTTP/1.1 304) 0 headers in 29 bytes (0 switches on core 0)
[pid: 56710|app: -1|req: -1/38] 192.168.80.102 () {40 vars in 862 bytes} [Mon Mar 12 16:13:18 2018] GET /static/admin/img/icon-addlink.svg => generated 0 bytes in 0 msecs (HTTP/1.1 304) 0 headers in 29 bytes (0 switches on core 0)
[pid: 56712|app: -1|req: -1/39] 192.168.80.102 () {40 vars in 868 bytes} [Mon Mar 12 16:13:18 2018] GET /static/admin/img/icon-changelink.svg => generated 0 bytes in 0 msecs (HTTP/1.1 304) 0 headers in 29 bytes (0 switches on core 0)
[pid: 56711|app: -1|req: -1/40] 192.168.80.102 () {42 vars in 888 bytes} [Mon Mar 12 16:13:18 2018] GET /static/admin/fonts/Roboto-Bold-webfont.woff => generated 0 bytes in 0 msecs (HTTP/1.1 304) 0 headers in 29 bytes (0 switches on core 0)
[pid: 56714|app: -1|req: -1/41] 192.168.80.102 () {42 vars in 894 bytes} [Mon Mar 12 16:13:18 2018] GET /static/admin/fonts/Roboto-Regular-webfont.woff => generated 0 bytes in 0 msecs (HTTP/1.1 304) 0 headers in 29 bytes (0 switches on core 0)
[pid: 56713|app: 0|req: 4/42] 192.168.80.102 () {40 vars in 846 bytes} [Mon Mar 12 16:13:20 2018] GET /admin/myApp1/test/ => generated 4151 bytes in 60 msecs (HTTP/1.1 200) 7 headers in 381 bytes (1 switches on core 0)
[pid: 56710|app: -1|req: -1/43] 192.168.80.102 () {40 vars in 818 bytes} [Mon Mar 12 16:13:20 2018] GET /static/admin/css/base.css => generated 0 bytes in 1 msecs (HTTP/1.1 304) 0 headers in 29 bytes (0 switches on core 0)
[pid: 56712|app: -1|req: -1/44] 192.168.80.102 () {40 vars in 832 bytes} [Mon Mar 12 16:13:20 2018] GET /static/admin/css/changelists.css => generated 0 bytes in 0 msecs (HTTP/1.1 304) 0 headers in 29 bytes (0 switches on core 0)
[pid: 56714|app: -1|req: -1/45] 192.168.80.102 () {40 vars in 799 bytes} [Mon Mar 12 16:13:20 2018] GET /static/admin/js/core.js => generated 0 bytes in 0 msecs (HTTP/1.1 304) 0 headers in 29 bytes (0 switches on core 0)
[pid: 56713|app: -1|req: -1/46] 192.168.80.102 () {40 vars in 831 bytes} [Mon Mar 12 16:13:20 2018] GET /static/admin/js/vendor/jquery/jquery.js => generated 0 bytes in 0 msecs (HTTP/1.1 304) 0 headers in 29 bytes (0 switches on core 0)
[pid: 56710|app: -1|req: -1/47] 192.168.80.102 () {40 vars in 843 bytes} [Mon Mar 12 16:13:20 2018] GET /static/admin/js/admin/RelatedObjectLookups.js => generated 0 bytes in 0 msecs (HTTP/1.1 304) 0 headers in 29 bytes (0 switches on core 0)
[pid: 56712|app: -1|req: -1/48] 192.168.80.102 () {40 vars in 805 bytes} [Mon Mar 12 16:13:20 2018] GET /static/admin/js/actions.js => generated 0 bytes in 0 msecs (HTTP/1.1 304) 0 headers in 29 bytes (0 switches on core 0)
[pid: 56714|app: -1|req: -1/49] 192.168.80.102 () {40 vars in 803 bytes} [Mon Mar 12 16:13:20 2018] GET /static/admin/js/urlify.js => generated 0 bytes in 0 msecs (HTTP/1.1 304) 0 headers in 29 bytes (0 switches on core 0)
[pid: 56713|app: -1|req: -1/50] 192.168.80.102 () {40 vars in 813 bytes} [Mon Mar 12 16:13:20 2018] GET /static/admin/js/prepopulate.js => generated 0 bytes in 0 msecs (HTTP/1.1 304) 0 headers in 29 bytes (0 switches on core 0)
[pid: 56710|app: -1|req: -1/51] 192.168.80.102 () {40 vars in 820 bytes} [Mon Mar 12 16:13:20 2018] GET /static/admin/css/fonts.css => generated 0 bytes in 0 msecs (HTTP/1.1 304) 0 headers in 29 bytes (0 switches on core 0)
[pid: 56712|app: -1|req: -1/52] 192.168.80.102 () {40 vars in 813 bytes} [Mon Mar 12 16:13:20 2018] GET /static/admin/js/jquery.init.js => generated 0 bytes in 0 msecs (HTTP/1.1 304) 0 headers in 29 bytes (0 switches on core 0)
[pid: 56714|app: -1|req: -1/53] 192.168.80.102 () {40 vars in 835 bytes} [Mon Mar 12 16:13:20 2018] GET /static/admin/js/vendor/xregexp/xregexp.js => generated 0 bytes in 0 msecs (HTTP/1.1 304) 0 headers in 29 bytes (0 switches on core 0)
[pid: 56711|app: 0|req: 3/54] 192.168.80.102 () {38 vars in 724 bytes} [Mon Mar 12 16:13:20 2018] GET /admin/jsi18n/ => generated 3217 bytes in 284 msecs (HTTP/1.1 200) 4 headers in 115 bytes (1 switches on core 0)
[pid: 56713|app: -1|req: -1/55] 192.168.80.102 () {42 vars in 890 bytes} [Mon Mar 12 16:13:20 2018] GET /static/admin/fonts/Roboto-Light-webfont.woff => generated 0 bytes in 0 msecs (HTTP/1.1 304) 0 headers in 29 bytes (0 switches on core 0)
[pid: 56710|app: -1|req: -1/56] 192.168.80.102 () {40 vars in 860 bytes} [Mon Mar 12 16:13:20 2018] GET /static/admin/img/tooltag-add.svg => generated 0 bytes in 0 msecs (HTTP/1.1 304) 0 headers in 29 bytes (0 switches on core 0)
[pid: 56712|app: -1|req: -1/57] 192.168.80.102 () {42 vars in 888 bytes} [Mon Mar 12 16:13:20 2018] GET /static/admin/fonts/Roboto-Bold-webfont.woff => generated 0 bytes in 0 msecs (HTTP/1.1 304) 0 headers in 29 bytes (0 switches on core 0)
[pid: 56714|app: -1|req: -1/58] 192.168.80.102 () {42 vars in 894 bytes} [Mon Mar 12 16:13:20 2018] GET /static/admin/fonts/Roboto-Regular-webfont.woff => generated 0 bytes in 0 msecs (HTTP/1.1 304) 0 headers in 29 bytes (0 switches on core 0)
Internal Server Error: /admin/myApp1/test/
Traceback (most recent call last):
  File "/usr/lib64/python2.7/site-packages/django/core/handlers/exception.py", line 41, in inner
    response = get_response(request)
  File "/usr/lib64/python2.7/site-packages/django/core/handlers/base.py", line 187, in _get_response
    response = self.process_exception_by_middleware(e, request)
  File "/usr/lib64/python2.7/site-packages/django/core/handlers/base.py", line 185, in _get_response
    response = wrapped_callback(request, *callback_args, **callback_kwargs)
  File "/usr/lib64/python2.7/site-packages/django/contrib/admin/options.py", line 551, in wrapper
    return self.admin_site.admin_view(view)(*args, **kwargs)
  File "/usr/lib64/python2.7/site-packages/django/utils/decorators.py", line 149, in _wrapped_view
    response = view_func(request, *args, **kwargs)
  File "/usr/lib64/python2.7/site-packages/django/views/decorators/cache.py", line 57, in _wrapped_view_func
    response = view_func(request, *args, **kwargs)
  File "/usr/lib64/python2.7/site-packages/django/contrib/admin/sites.py", line 224, in inner
    return view(request, *args, **kwargs)
  File "/usr/lib64/python2.7/site-packages/django/utils/decorators.py", line 67, in _wrapper
    return bound_func(*args, **kwargs)
  File "/usr/lib64/python2.7/site-packages/django/utils/decorators.py", line 149, in _wrapped_view
    response = view_func(request, *args, **kwargs)
  File "/usr/lib64/python2.7/site-packages/django/utils/decorators.py", line 63, in bound_func
    return func.__get__(self, type(self))(*args2, **kwargs2)
  File "/usr/lib64/python2.7/site-packages/django/contrib/admin/options.py", line 1568, in changelist_view
    response = self.response_action(request, queryset=cl.get_queryset(request))
  File "/usr/lib64/python2.7/site-packages/django/contrib/admin/options.py", line 1286, in response_action
    response = func(self, request, queryset)
  File "/usr/lib64/python2.7/site-packages/django/contrib/admin/actions.py", line 37, in delete_selected
    queryset, opts, request.user, modeladmin.admin_site, using)
  File "/usr/lib64/python2.7/site-packages/django/contrib/admin/utils.py", line 172, in get_deleted_objects
    to_delete = collector.nested(format_callback)
  File "/usr/lib64/python2.7/site-packages/django/contrib/admin/utils.py", line 232, in nested
    roots.extend(self._nested(root, seen, format_callback))
  File "/usr/lib64/python2.7/site-packages/django/contrib/admin/utils.py", line 218, in _nested
    ret = [format_callback(obj)]
  File "/usr/lib64/python2.7/site-packages/django/contrib/admin/utils.py", line 145, in format_callback
    force_text(obj))
  File "/usr/lib64/python2.7/site-packages/django/utils/encoding.py", line 80, in force_text
    s = six.text_type(bytes(s), encoding, errors)
UnicodeEncodeError: 'ascii' codec can't encode characters in position 0-1: ordinal not in range(128)
[pid: 56711|app: 0|req: 4/59] 192.168.80.102 () {48 vars in 994 bytes} [Mon Mar 12 16:13:27 2018] POST /admin/myApp1/test/ => generated 125460 bytes in 225 msecs (HTTP/1.1 500) 4 headers in 130 bytes (1 switches on core 0)
[pid: 56713|app: 0|req: 5/60] 192.168.80.102 () {40 vars in 846 bytes} [Mon Mar 12 16:13:32 2018] GET /admin/myApp1/test/ => generated 4151 bytes in 59 msecs (HTTP/1.1 200) 7 headers in 381 bytes (1 switches on core 0)
[pid: 56710|app: 0|req: 4/61] 192.168.80.1 () {38 vars in 762 bytes} [Thu Mar 15 09:45:53 2018] GET /hello => generated 21 bytes in 143 msecs (HTTP/1.1 200) 3 headers in 108 bytes (1 switches on core 0)
Not Found: /favicon.ico
[pid: 56712|app: 0|req: 2/62] 192.168.80.1 () {38 vars in 741 bytes} [Thu Mar 15 09:45:54 2018] GET /favicon.ico => generated 2510 bytes in 238 msecs (HTTP/1.1 404) 3 headers in 102 bytes (1 switches on core 0)
gateway "uWSGI http 1" has been buried (pid: 56715)
...brutally killing workers...
worker 1 buried after 4 seconds
worker 3 buried after 4 seconds
worker 4 buried after 4 seconds
worker 5 buried after 4 seconds
worker 2 buried after 5 seconds
binary reloading uWSGI...
chdir() to /root/mysite
closing all non-uwsgi socket fds > 2 (max_fd = 1024)...
found fd 6 mapped to socket 0 (/root/mysite/script/uwsgi.sock)
running /usr/bin/uwsgi
[uWSGI] getting INI configuration from script/uwsgi.ini
[uwsgi-static] added mapping for /static => /root/mysite/static
*** Starting uWSGI 2.0.17 (64bit) on [Thu Mar 15 09:52:40 2018] ***
compiled with version: 4.8.5 20150623 (Red Hat 4.8.5-16) on 12 March 2018 10:53:33
os: Linux-3.10.0-514.el7.x86_64 #1 SMP Tue Nov 22 16:42:41 UTC 2016
nodename: localhost.localdomain
machine: x86_64
clock source: unix
detected number of CPU cores: 1
current working directory: /root/mysite
detected binary path: /usr/bin/uwsgi
!!! no internal routing support, rebuild with pcre support !!!
*** WARNING: you are running uWSGI as root !!! (use the --uid flag) *** 
chdir() to /root/mysite/
your processes number limit is 7208
your memory page size is 4096 bytes
detected max file descriptor number: 1024
building mime-types dictionary from file /etc/mime.types...1060 entry found
lock engine: pthread robust mutexes
thunder lock: enabled
uWSGI http bound on 192.168.80.138:8080 fd 3
uwsgi socket 0 inherited UNIX address /root/mysite/script/uwsgi.sock fd 6
*** WARNING: you are running uWSGI as root !!! (use the --uid flag) *** 
Python version: 2.7.5 (default, Aug  4 2017, 00:39:18)  [GCC 4.8.5 20150623 (Red Hat 4.8.5-16)]
Python main interpreter initialized at 0x23badf0
*** WARNING: you are running uWSGI as root !!! (use the --uid flag) *** 
python threads support enabled
your server socket listen backlog is limited to 100 connections
your mercy for graceful operations on workers is 60 seconds
mapped 486576 bytes (475 KB) for 5 cores
*** Operational MODE: preforking ***
WSGI app 0 (mountpoint='') ready in 2 seconds on interpreter 0x23badf0 pid: 56705 (default app)
*** WARNING: you are running uWSGI as root !!! (use the --uid flag) *** 
*** uWSGI is running in multiple interpreter mode ***
gracefully (RE)spawned uWSGI master process (pid: 56705)
spawned uWSGI worker 1 (pid: 67264, cores: 1)
spawned uWSGI worker 2 (pid: 67265, cores: 1)
spawned uWSGI worker 3 (pid: 67266, cores: 1)
spawned uWSGI worker 4 (pid: 67267, cores: 1)
spawned uWSGI worker 5 (pid: 67268, cores: 1)
spawned uWSGI http 1 (pid: 67269)
*** Starting uWSGI 2.0.17 (64bit) on [Fri Mar 16 01:57:43 2018] ***
compiled with version: 4.8.5 20150623 (Red Hat 4.8.5-16) on 12 March 2018 10:53:33
os: Linux-3.10.0-693.21.1.el7.x86_64 #1 SMP Wed Mar 7 19:03:37 UTC 2018
nodename: localhost.localdomain
machine: x86_64
clock source: unix
detected number of CPU cores: 1
current working directory: /root/mysite/script
writing pidfile to /root/mysite/script/uwsgi.pid
detected binary path: /usr/bin/uwsgi
!!! no internal routing support, rebuild with pcre support !!!
*** WARNING: you are running uWSGI as root !!! (use the --uid flag) *** 
chdir() to /root/mysite/
your processes number limit is 7202
your memory page size is 4096 bytes
detected max file descriptor number: 1024
building mime-types dictionary from file /etc/mime.types...1060 entry found
lock engine: pthread robust mutexes
thunder lock: enabled
uWSGI http bound on 192.168.80.138:8080 fd 3
uwsgi socket 0 bound to UNIX address /root/mysite/script/uwsgi.sock fd 6
*** WARNING: you are running uWSGI as root !!! (use the --uid flag) *** 
Python version: 2.7.5 (default, Aug  4 2017, 00:39:18)  [GCC 4.8.5 20150623 (Red Hat 4.8.5-16)]
Python main interpreter initialized at 0x10b3fa0
*** WARNING: you are running uWSGI as root !!! (use the --uid flag) *** 
python threads support enabled
your server socket listen backlog is limited to 100 connections
your mercy for graceful operations on workers is 60 seconds
mapped 486576 bytes (475 KB) for 5 cores
*** Operational MODE: preforking ***
WSGI app 0 (mountpoint='') ready in 1 seconds on interpreter 0x10b3fa0 pid: 11776 (default app)
*** WARNING: you are running uWSGI as root !!! (use the --uid flag) *** 
*** uWSGI is running in multiple interpreter mode ***
spawned uWSGI master process (pid: 11776)
spawned uWSGI worker 1 (pid: 11781, cores: 1)
spawned uWSGI worker 2 (pid: 11782, cores: 1)
spawned uWSGI worker 3 (pid: 11783, cores: 1)
spawned uWSGI worker 4 (pid: 11784, cores: 1)
spawned uWSGI worker 5 (pid: 11785, cores: 1)
spawned uWSGI http 1 (pid: 11786)
Not Found: /
[pid: 11782|app: 0|req: 1/1] 192.168.80.1 () {40 vars in 795 bytes} [Thu Mar 15 17:57:53 2018] GET / => generated 2459 bytes in 34 msecs (HTTP/1.1 404) 3 headers in 102 bytes (1 switches on core 0)
[pid: 11783|app: 0|req: 1/2] 192.168.80.1 () {38 vars in 774 bytes} [Thu Mar 15 17:58:00 2018] GET /hello => generated 21 bytes in 71 msecs (HTTP/1.1 200) 3 headers in 108 bytes (1 switches on core 0)
SIGINT/SIGQUIT received...killing workers...
gateway "uWSGI http 1" has been buried (pid: 11786)
worker 1 buried after 1 seconds
worker 2 buried after 1 seconds
worker 3 buried after 1 seconds
worker 4 buried after 1 seconds
worker 5 buried after 1 seconds
goodbye to uWSGI.
VACUUM: pidfile removed.
VACUUM: unix socket /root/mysite/script/uwsgi.sock removed.
